<?xml version="1.0" encoding="UTF-8"?>
<robot generator="Robot 3.0 (Jython 2.7.0 on java1.8.0_60)" generated="20160122 20:26:42.727">
<suite source="C:\Users\adam\Documents\Computer Science\Software Engineering\Tic-Tac-Toe\acceptance\TicTacToeTests.txt" name="TicTacToeTests" id="s1">
<test name="Win Diagonally as X" id="s1-t1">
<kw library="TicTacToeKeywords" name="Start New Game">
<status endtime="20160122 20:26:43.637" starttime="20160122 20:26:43.616" status="PASS"></status>
</kw>
<kw library="TicTacToeKeywords" name="Mark Location">
<arguments>
<arg>1</arg>
<arg>1</arg>
</arguments>
<status endtime="20160122 20:26:43.656" starttime="20160122 20:26:43.644" status="PASS"></status>
</kw>
<kw name="Check Location">
<arguments>
<arg>1</arg>
<arg>1</arg>
<arg>X</arg>
</arguments>
<kw library="TicTacToeKeywords" name="Get Mark">
<arguments>
<arg>${row}</arg>
<arg>${col}</arg>
</arguments>
<assign>
<var>${m}</var>
</assign>
<msg level="INFO" timestamp="20160122 20:26:43.706">${m} = X</msg>
<status endtime="20160122 20:26:43.710" starttime="20160122 20:26:43.683" status="PASS"></status>
</kw>
<kw library="BuiltIn" name="Should Be Equal">
<doc>Fails if the given objects are unequal.</doc>
<arguments>
<arg>${mark}</arg>
<arg>${m}</arg>
</arguments>
<status endtime="20160122 20:26:43.731" starttime="20160122 20:26:43.714" status="PASS"></status>
</kw>
<status endtime="20160122 20:26:43.736" starttime="20160122 20:26:43.665" status="PASS"></status>
</kw>
<kw library="TicTacToeKeywords" name="Mark Location">
<arguments>
<arg>0</arg>
<arg>1</arg>
</arguments>
<status endtime="20160122 20:26:43.754" starttime="20160122 20:26:43.742" status="PASS"></status>
</kw>
<kw name="Check Location">
<arguments>
<arg>0</arg>
<arg>1</arg>
<arg>O</arg>
</arguments>
<kw library="TicTacToeKeywords" name="Get Mark">
<arguments>
<arg>${row}</arg>
<arg>${col}</arg>
</arguments>
<assign>
<var>${m}</var>
</assign>
<msg level="INFO" timestamp="20160122 20:26:43.793">${m} = O</msg>
<status endtime="20160122 20:26:43.796" starttime="20160122 20:26:43.778" status="PASS"></status>
</kw>
<kw library="BuiltIn" name="Should Be Equal">
<doc>Fails if the given objects are unequal.</doc>
<arguments>
<arg>${mark}</arg>
<arg>${m}</arg>
</arguments>
<status endtime="20160122 20:26:43.816" starttime="20160122 20:26:43.801" status="PASS"></status>
</kw>
<status endtime="20160122 20:26:43.820" starttime="20160122 20:26:43.762" status="PASS"></status>
</kw>
<kw library="TicTacToeKeywords" name="Mark Location">
<arguments>
<arg>0</arg>
<arg>0</arg>
</arguments>
<status endtime="20160122 20:26:43.837" starttime="20160122 20:26:43.826" status="PASS"></status>
</kw>
<kw name="Check Location">
<arguments>
<arg>0</arg>
<arg>0</arg>
<arg>X</arg>
</arguments>
<kw library="TicTacToeKeywords" name="Get Mark">
<arguments>
<arg>${row}</arg>
<arg>${col}</arg>
</arguments>
<assign>
<var>${m}</var>
</assign>
<msg level="INFO" timestamp="20160122 20:26:43.871">${m} = X</msg>
<status endtime="20160122 20:26:43.874" starttime="20160122 20:26:43.857" status="PASS"></status>
</kw>
<kw library="BuiltIn" name="Should Be Equal">
<doc>Fails if the given objects are unequal.</doc>
<arguments>
<arg>${mark}</arg>
<arg>${m}</arg>
</arguments>
<status endtime="20160122 20:26:43.892" starttime="20160122 20:26:43.878" status="PASS"></status>
</kw>
<status endtime="20160122 20:26:43.897" starttime="20160122 20:26:43.845" status="PASS"></status>
</kw>
<kw library="TicTacToeKeywords" name="Mark Location">
<arguments>
<arg>0</arg>
<arg>2</arg>
</arguments>
<status endtime="20160122 20:26:43.913" starttime="20160122 20:26:43.903" status="PASS"></status>
</kw>
<kw name="Check Location">
<arguments>
<arg>0</arg>
<arg>2</arg>
<arg>O</arg>
</arguments>
<kw library="TicTacToeKeywords" name="Get Mark">
<arguments>
<arg>${row}</arg>
<arg>${col}</arg>
</arguments>
<assign>
<var>${m}</var>
</assign>
<msg level="INFO" timestamp="20160122 20:26:43.947">${m} = O</msg>
<status endtime="20160122 20:26:43.951" starttime="20160122 20:26:43.934" status="PASS"></status>
</kw>
<kw library="BuiltIn" name="Should Be Equal">
<doc>Fails if the given objects are unequal.</doc>
<arguments>
<arg>${mark}</arg>
<arg>${m}</arg>
</arguments>
<status endtime="20160122 20:26:43.970" starttime="20160122 20:26:43.955" status="PASS"></status>
</kw>
<status endtime="20160122 20:26:43.975" starttime="20160122 20:26:43.920" status="PASS"></status>
</kw>
<kw library="TicTacToeKeywords" name="Mark Location">
<arguments>
<arg>2</arg>
<arg>2</arg>
</arguments>
<status endtime="20160122 20:26:44.005" starttime="20160122 20:26:43.992" status="PASS"></status>
</kw>
<kw name="Check Location">
<arguments>
<arg>2</arg>
<arg>2</arg>
<arg>X</arg>
</arguments>
<kw library="TicTacToeKeywords" name="Get Mark">
<arguments>
<arg>${row}</arg>
<arg>${col}</arg>
</arguments>
<assign>
<var>${m}</var>
</assign>
<msg level="INFO" timestamp="20160122 20:26:44.041">${m} = X</msg>
<status endtime="20160122 20:26:44.044" starttime="20160122 20:26:44.024" status="PASS"></status>
</kw>
<kw library="BuiltIn" name="Should Be Equal">
<doc>Fails if the given objects are unequal.</doc>
<arguments>
<arg>${mark}</arg>
<arg>${m}</arg>
</arguments>
<status endtime="20160122 20:26:44.061" starttime="20160122 20:26:44.048" status="PASS"></status>
</kw>
<status endtime="20160122 20:26:44.065" starttime="20160122 20:26:44.013" status="PASS"></status>
</kw>
<kw name="Winner Should Be">
<arguments>
<arg>X</arg>
</arguments>
<kw library="TicTacToeKeywords" name="Get Winner">
<assign>
<var>${m}</var>
</assign>
<msg level="INFO" timestamp="20160122 20:26:44.090">${m} = X</msg>
<status endtime="20160122 20:26:44.095" starttime="20160122 20:26:44.080" status="PASS"></status>
</kw>
<kw library="BuiltIn" name="Should Be Equal">
<doc>Fails if the given objects are unequal.</doc>
<arguments>
<arg>${mark}</arg>
<arg>${m}</arg>
</arguments>
<status endtime="20160122 20:26:44.115" starttime="20160122 20:26:44.099" status="PASS"></status>
</kw>
<status endtime="20160122 20:26:44.120" starttime="20160122 20:26:44.070" status="PASS"></status>
</kw>
<status critical="yes" endtime="20160122 20:26:44.125" starttime="20160122 20:26:43.599" status="PASS"></status>
</test>
<test name="Win Horizontally as O" id="s1-t2">
<kw library="TicTacToeKeywords" name="Start New Game">
<status endtime="20160122 20:26:44.172" starttime="20160122 20:26:44.165" status="PASS"></status>
</kw>
<kw library="TicTacToeKeywords" name="Mark Location">
<arguments>
<arg>1</arg>
<arg>1</arg>
</arguments>
<status endtime="20160122 20:26:44.188" starttime="20160122 20:26:44.179" status="PASS"></status>
</kw>
<kw name="Check Location">
<arguments>
<arg>1</arg>
<arg>1</arg>
<arg>X</arg>
</arguments>
<kw library="TicTacToeKeywords" name="Get Mark">
<arguments>
<arg>${row}</arg>
<arg>${col}</arg>
</arguments>
<assign>
<var>${m}</var>
</assign>
<msg level="INFO" timestamp="20160122 20:26:44.218">${m} = X</msg>
<status endtime="20160122 20:26:44.221" starttime="20160122 20:26:44.205" status="PASS"></status>
</kw>
<kw library="BuiltIn" name="Should Be Equal">
<doc>Fails if the given objects are unequal.</doc>
<arguments>
<arg>${mark}</arg>
<arg>${m}</arg>
</arguments>
<status endtime="20160122 20:26:44.238" starttime="20160122 20:26:44.225" status="PASS"></status>
</kw>
<status endtime="20160122 20:26:44.242" starttime="20160122 20:26:44.194" status="PASS"></status>
</kw>
<kw library="TicTacToeKeywords" name="Mark Location">
<arguments>
<arg>2</arg>
<arg>0</arg>
</arguments>
<status endtime="20160122 20:26:44.255" starttime="20160122 20:26:44.247" status="PASS"></status>
</kw>
<kw name="Check Location">
<arguments>
<arg>2</arg>
<arg>0</arg>
<arg>O</arg>
</arguments>
<kw library="TicTacToeKeywords" name="Get Mark">
<arguments>
<arg>${row}</arg>
<arg>${col}</arg>
</arguments>
<assign>
<var>${m}</var>
</assign>
<msg level="INFO" timestamp="20160122 20:26:44.286">${m} = O</msg>
<status endtime="20160122 20:26:44.288" starttime="20160122 20:26:44.273" status="PASS"></status>
</kw>
<kw library="BuiltIn" name="Should Be Equal">
<doc>Fails if the given objects are unequal.</doc>
<arguments>
<arg>${mark}</arg>
<arg>${m}</arg>
</arguments>
<status endtime="20160122 20:26:44.307" starttime="20160122 20:26:44.293" status="PASS"></status>
</kw>
<status endtime="20160122 20:26:44.312" starttime="20160122 20:26:44.263" status="PASS"></status>
</kw>
<kw library="TicTacToeKeywords" name="Mark Location">
<arguments>
<arg>0</arg>
<arg>0</arg>
</arguments>
<status endtime="20160122 20:26:44.326" starttime="20160122 20:26:44.318" status="PASS"></status>
</kw>
<kw name="Check Location">
<arguments>
<arg>0</arg>
<arg>0</arg>
<arg>X</arg>
</arguments>
<kw library="TicTacToeKeywords" name="Get Mark">
<arguments>
<arg>${row}</arg>
<arg>${col}</arg>
</arguments>
<assign>
<var>${m}</var>
</assign>
<msg level="INFO" timestamp="20160122 20:26:44.357">${m} = X</msg>
<status endtime="20160122 20:26:44.361" starttime="20160122 20:26:44.345" status="PASS"></status>
</kw>
<kw library="BuiltIn" name="Should Be Equal">
<doc>Fails if the given objects are unequal.</doc>
<arguments>
<arg>${mark}</arg>
<arg>${m}</arg>
</arguments>
<status endtime="20160122 20:26:44.379" starttime="20160122 20:26:44.365" status="PASS"></status>
</kw>
<status endtime="20160122 20:26:44.385" starttime="20160122 20:26:44.332" status="PASS"></status>
</kw>
<kw library="TicTacToeKeywords" name="Mark Location">
<arguments>
<arg>2</arg>
<arg>2</arg>
</arguments>
<status endtime="20160122 20:26:44.402" starttime="20160122 20:26:44.391" status="PASS"></status>
</kw>
<kw name="Check Location">
<arguments>
<arg>2</arg>
<arg>2</arg>
<arg>O</arg>
</arguments>
<kw library="TicTacToeKeywords" name="Get Mark">
<arguments>
<arg>${row}</arg>
<arg>${col}</arg>
</arguments>
<assign>
<var>${m}</var>
</assign>
<msg level="INFO" timestamp="20160122 20:26:44.432">${m} = O</msg>
<status endtime="20160122 20:26:44.435" starttime="20160122 20:26:44.418" status="PASS"></status>
</kw>
<kw library="BuiltIn" name="Should Be Equal">
<doc>Fails if the given objects are unequal.</doc>
<arguments>
<arg>${mark}</arg>
<arg>${m}</arg>
</arguments>
<status endtime="20160122 20:26:44.452" starttime="20160122 20:26:44.438" status="PASS"></status>
</kw>
<status endtime="20160122 20:26:44.456" starttime="20160122 20:26:44.407" status="PASS"></status>
</kw>
<kw library="TicTacToeKeywords" name="Mark Location">
<arguments>
<arg>0</arg>
<arg>2</arg>
</arguments>
<status endtime="20160122 20:26:44.480" starttime="20160122 20:26:44.470" status="PASS"></status>
</kw>
<kw name="Check Location">
<arguments>
<arg>0</arg>
<arg>2</arg>
<arg>X</arg>
</arguments>
<kw library="TicTacToeKeywords" name="Get Mark">
<arguments>
<arg>${row}</arg>
<arg>${col}</arg>
</arguments>
<assign>
<var>${m}</var>
</assign>
<msg level="INFO" timestamp="20160122 20:26:44.520">${m} = X</msg>
<status endtime="20160122 20:26:44.524" starttime="20160122 20:26:44.497" status="PASS"></status>
</kw>
<kw library="BuiltIn" name="Should Be Equal">
<doc>Fails if the given objects are unequal.</doc>
<arguments>
<arg>${mark}</arg>
<arg>${m}</arg>
</arguments>
<status endtime="20160122 20:26:44.541" starttime="20160122 20:26:44.528" status="PASS"></status>
</kw>
<status endtime="20160122 20:26:44.545" starttime="20160122 20:26:44.485" status="PASS"></status>
</kw>
<kw library="TicTacToeKeywords" name="Mark Location">
<arguments>
<arg>2</arg>
<arg>1</arg>
</arguments>
<status endtime="20160122 20:26:44.562" starttime="20160122 20:26:44.550" status="PASS"></status>
</kw>
<kw name="Check Location">
<arguments>
<arg>2</arg>
<arg>1</arg>
<arg>O</arg>
</arguments>
<kw library="TicTacToeKeywords" name="Get Mark">
<arguments>
<arg>${row}</arg>
<arg>${col}</arg>
</arguments>
<assign>
<var>${m}</var>
</assign>
<msg level="INFO" timestamp="20160122 20:26:44.593">${m} = O</msg>
<status endtime="20160122 20:26:44.596" starttime="20160122 20:26:44.581" status="PASS"></status>
</kw>
<kw library="BuiltIn" name="Should Be Equal">
<doc>Fails if the given objects are unequal.</doc>
<arguments>
<arg>${mark}</arg>
<arg>${m}</arg>
</arguments>
<status endtime="20160122 20:26:44.613" starttime="20160122 20:26:44.599" status="PASS"></status>
</kw>
<status endtime="20160122 20:26:44.618" starttime="20160122 20:26:44.569" status="PASS"></status>
</kw>
<kw name="Winner Should Be">
<arguments>
<arg>O</arg>
</arguments>
<kw library="TicTacToeKeywords" name="Get Winner">
<assign>
<var>${m}</var>
</assign>
<msg level="INFO" timestamp="20160122 20:26:44.640">${m} = O</msg>
<status endtime="20160122 20:26:44.642" starttime="20160122 20:26:44.632" status="PASS"></status>
</kw>
<kw library="BuiltIn" name="Should Be Equal">
<doc>Fails if the given objects are unequal.</doc>
<arguments>
<arg>${mark}</arg>
<arg>${m}</arg>
</arguments>
<status endtime="20160122 20:26:44.657" starttime="20160122 20:26:44.646" status="PASS"></status>
</kw>
<status endtime="20160122 20:26:44.662" starttime="20160122 20:26:44.623" status="PASS"></status>
</kw>
<status critical="yes" endtime="20160122 20:26:44.666" starttime="20160122 20:26:44.152" status="PASS"></status>
</test>
<test name="Force a Tie" id="s1-t3">
<kw library="TicTacToeKeywords" name="Start New Game">
<status endtime="20160122 20:26:44.709" starttime="20160122 20:26:44.701" status="PASS"></status>
</kw>
<kw library="TicTacToeKeywords" name="Mark Location">
<arguments>
<arg>1</arg>
<arg>1</arg>
</arguments>
<status endtime="20160122 20:26:44.724" starttime="20160122 20:26:44.715" status="PASS"></status>
</kw>
<kw name="Check Location">
<arguments>
<arg>1</arg>
<arg>1</arg>
<arg>X</arg>
</arguments>
<kw library="TicTacToeKeywords" name="Get Mark">
<arguments>
<arg>${row}</arg>
<arg>${col}</arg>
</arguments>
<assign>
<var>${m}</var>
</assign>
<msg level="INFO" timestamp="20160122 20:26:44.752">${m} = X</msg>
<status endtime="20160122 20:26:44.754" starttime="20160122 20:26:44.740" status="PASS"></status>
</kw>
<kw library="BuiltIn" name="Should Be Equal">
<doc>Fails if the given objects are unequal.</doc>
<arguments>
<arg>${mark}</arg>
<arg>${m}</arg>
</arguments>
<status endtime="20160122 20:26:44.769" starttime="20160122 20:26:44.757" status="PASS"></status>
</kw>
<status endtime="20160122 20:26:44.773" starttime="20160122 20:26:44.730" status="PASS"></status>
</kw>
<kw library="TicTacToeKeywords" name="Mark Location">
<arguments>
<arg>0</arg>
<arg>0</arg>
</arguments>
<status endtime="20160122 20:26:44.789" starttime="20160122 20:26:44.780" status="PASS"></status>
</kw>
<kw name="Check Location">
<arguments>
<arg>0</arg>
<arg>0</arg>
<arg>O</arg>
</arguments>
<kw library="TicTacToeKeywords" name="Get Mark">
<arguments>
<arg>${row}</arg>
<arg>${col}</arg>
</arguments>
<assign>
<var>${m}</var>
</assign>
<msg level="INFO" timestamp="20160122 20:26:44.819">${m} = O</msg>
<status endtime="20160122 20:26:44.821" starttime="20160122 20:26:44.806" status="PASS"></status>
</kw>
<kw library="BuiltIn" name="Should Be Equal">
<doc>Fails if the given objects are unequal.</doc>
<arguments>
<arg>${mark}</arg>
<arg>${m}</arg>
</arguments>
<status endtime="20160122 20:26:44.835" starttime="20160122 20:26:44.824" status="PASS"></status>
</kw>
<status endtime="20160122 20:26:44.839" starttime="20160122 20:26:44.796" status="PASS"></status>
</kw>
<kw library="TicTacToeKeywords" name="Mark Location">
<arguments>
<arg>2</arg>
<arg>0</arg>
</arguments>
<status endtime="20160122 20:26:44.853" starttime="20160122 20:26:44.844" status="PASS"></status>
</kw>
<kw name="Check Location">
<arguments>
<arg>2</arg>
<arg>0</arg>
<arg>X</arg>
</arguments>
<kw library="TicTacToeKeywords" name="Get Mark">
<arguments>
<arg>${row}</arg>
<arg>${col}</arg>
</arguments>
<assign>
<var>${m}</var>
</assign>
<msg level="INFO" timestamp="20160122 20:26:44.882">${m} = X</msg>
<status endtime="20160122 20:26:44.884" starttime="20160122 20:26:44.868" status="PASS"></status>
</kw>
<kw library="BuiltIn" name="Should Be Equal">
<doc>Fails if the given objects are unequal.</doc>
<arguments>
<arg>${mark}</arg>
<arg>${m}</arg>
</arguments>
<status endtime="20160122 20:26:44.901" starttime="20160122 20:26:44.887" status="PASS"></status>
</kw>
<status endtime="20160122 20:26:44.905" starttime="20160122 20:26:44.858" status="PASS"></status>
</kw>
<kw library="TicTacToeKeywords" name="Mark Location">
<arguments>
<arg>0</arg>
<arg>2</arg>
</arguments>
<status endtime="20160122 20:26:44.917" starttime="20160122 20:26:44.909" status="PASS"></status>
</kw>
<kw name="Check Location">
<arguments>
<arg>0</arg>
<arg>2</arg>
<arg>O</arg>
</arguments>
<kw library="TicTacToeKeywords" name="Get Mark">
<arguments>
<arg>${row}</arg>
<arg>${col}</arg>
</arguments>
<assign>
<var>${m}</var>
</assign>
<msg level="INFO" timestamp="20160122 20:26:44.942">${m} = O</msg>
<status endtime="20160122 20:26:44.946" starttime="20160122 20:26:44.931" status="PASS"></status>
</kw>
<kw library="BuiltIn" name="Should Be Equal">
<doc>Fails if the given objects are unequal.</doc>
<arguments>
<arg>${mark}</arg>
<arg>${m}</arg>
</arguments>
<status endtime="20160122 20:26:44.960" starttime="20160122 20:26:44.949" status="PASS"></status>
</kw>
<status endtime="20160122 20:26:44.964" starttime="20160122 20:26:44.921" status="PASS"></status>
</kw>
<kw library="TicTacToeKeywords" name="Mark Location">
<arguments>
<arg>0</arg>
<arg>1</arg>
</arguments>
<status endtime="20160122 20:26:44.986" starttime="20160122 20:26:44.976" status="PASS"></status>
</kw>
<kw name="Check Location">
<arguments>
<arg>0</arg>
<arg>1</arg>
<arg>X</arg>
</arguments>
<kw library="TicTacToeKeywords" name="Get Mark">
<arguments>
<arg>${row}</arg>
<arg>${col}</arg>
</arguments>
<assign>
<var>${m}</var>
</assign>
<msg level="INFO" timestamp="20160122 20:26:45.017">${m} = X</msg>
<status endtime="20160122 20:26:45.020" starttime="20160122 20:26:45.003" status="PASS"></status>
</kw>
<kw library="BuiltIn" name="Should Be Equal">
<doc>Fails if the given objects are unequal.</doc>
<arguments>
<arg>${mark}</arg>
<arg>${m}</arg>
</arguments>
<status endtime="20160122 20:26:45.035" starttime="20160122 20:26:45.024" status="PASS"></status>
</kw>
<status endtime="20160122 20:26:45.039" starttime="20160122 20:26:44.990" status="PASS"></status>
</kw>
<kw library="TicTacToeKeywords" name="Mark Location">
<arguments>
<arg>2</arg>
<arg>1</arg>
</arguments>
<status endtime="20160122 20:26:45.053" starttime="20160122 20:26:45.044" status="PASS"></status>
</kw>
<kw name="Check Location">
<arguments>
<arg>2</arg>
<arg>1</arg>
<arg>O</arg>
</arguments>
<kw library="TicTacToeKeywords" name="Get Mark">
<arguments>
<arg>${row}</arg>
<arg>${col}</arg>
</arguments>
<assign>
<var>${m}</var>
</assign>
<msg level="INFO" timestamp="20160122 20:26:45.083">${m} = O</msg>
<status endtime="20160122 20:26:45.086" starttime="20160122 20:26:45.070" status="PASS"></status>
</kw>
<kw library="BuiltIn" name="Should Be Equal">
<doc>Fails if the given objects are unequal.</doc>
<arguments>
<arg>${mark}</arg>
<arg>${m}</arg>
</arguments>
<status endtime="20160122 20:26:45.103" starttime="20160122 20:26:45.089" status="PASS"></status>
</kw>
<status endtime="20160122 20:26:45.107" starttime="20160122 20:26:45.057" status="PASS"></status>
</kw>
<kw library="TicTacToeKeywords" name="Mark Location">
<arguments>
<arg>1</arg>
<arg>2</arg>
</arguments>
<status endtime="20160122 20:26:45.121" starttime="20160122 20:26:45.112" status="PASS"></status>
</kw>
<kw name="Check Location">
<arguments>
<arg>1</arg>
<arg>2</arg>
<arg>X</arg>
</arguments>
<kw library="TicTacToeKeywords" name="Get Mark">
<arguments>
<arg>${row}</arg>
<arg>${col}</arg>
</arguments>
<assign>
<var>${m}</var>
</assign>
<msg level="INFO" timestamp="20160122 20:26:45.149">${m} = X</msg>
<status endtime="20160122 20:26:45.151" starttime="20160122 20:26:45.137" status="PASS"></status>
</kw>
<kw library="BuiltIn" name="Should Be Equal">
<doc>Fails if the given objects are unequal.</doc>
<arguments>
<arg>${mark}</arg>
<arg>${m}</arg>
</arguments>
<status endtime="20160122 20:26:45.166" starttime="20160122 20:26:45.154" status="PASS"></status>
</kw>
<status endtime="20160122 20:26:45.169" starttime="20160122 20:26:45.128" status="PASS"></status>
</kw>
<kw library="TicTacToeKeywords" name="Mark Location">
<arguments>
<arg>1</arg>
<arg>0</arg>
</arguments>
<status endtime="20160122 20:26:45.180" starttime="20160122 20:26:45.173" status="PASS"></status>
</kw>
<kw name="Check Location">
<arguments>
<arg>1</arg>
<arg>0</arg>
<arg>O</arg>
</arguments>
<kw library="TicTacToeKeywords" name="Get Mark">
<arguments>
<arg>${row}</arg>
<arg>${col}</arg>
</arguments>
<assign>
<var>${m}</var>
</assign>
<msg level="INFO" timestamp="20160122 20:26:45.202">${m} = O</msg>
<status endtime="20160122 20:26:45.204" starttime="20160122 20:26:45.192" status="PASS"></status>
</kw>
<kw library="BuiltIn" name="Should Be Equal">
<doc>Fails if the given objects are unequal.</doc>
<arguments>
<arg>${mark}</arg>
<arg>${m}</arg>
</arguments>
<status endtime="20160122 20:26:45.217" starttime="20160122 20:26:45.207" status="PASS"></status>
</kw>
<status endtime="20160122 20:26:45.221" starttime="20160122 20:26:45.184" status="PASS"></status>
</kw>
<kw library="TicTacToeKeywords" name="Mark Location">
<arguments>
<arg>2</arg>
<arg>2</arg>
</arguments>
<status endtime="20160122 20:26:45.240" starttime="20160122 20:26:45.232" status="PASS"></status>
</kw>
<kw name="Check Location">
<arguments>
<arg>2</arg>
<arg>2</arg>
<arg>X</arg>
</arguments>
<kw library="TicTacToeKeywords" name="Get Mark">
<arguments>
<arg>${row}</arg>
<arg>${col}</arg>
</arguments>
<assign>
<var>${m}</var>
</assign>
<msg level="INFO" timestamp="20160122 20:26:45.265">${m} = X</msg>
<status endtime="20160122 20:26:45.267" starttime="20160122 20:26:45.254" status="PASS"></status>
</kw>
<kw library="BuiltIn" name="Should Be Equal">
<doc>Fails if the given objects are unequal.</doc>
<arguments>
<arg>${mark}</arg>
<arg>${m}</arg>
</arguments>
<status endtime="20160122 20:26:45.279" starttime="20160122 20:26:45.270" status="PASS"></status>
</kw>
<status endtime="20160122 20:26:45.282" starttime="20160122 20:26:45.245" status="PASS"></status>
</kw>
<kw name="Winner Should Be">
<arguments>
<arg>TIE</arg>
</arguments>
<kw library="TicTacToeKeywords" name="Get Winner">
<assign>
<var>${m}</var>
</assign>
<msg level="INFO" timestamp="20160122 20:26:45.302">${m} = TIE</msg>
<status endtime="20160122 20:26:45.304" starttime="20160122 20:26:45.295" status="PASS"></status>
</kw>
<kw library="BuiltIn" name="Should Be Equal">
<doc>Fails if the given objects are unequal.</doc>
<arguments>
<arg>${mark}</arg>
<arg>${m}</arg>
</arguments>
<status endtime="20160122 20:26:45.319" starttime="20160122 20:26:45.307" status="PASS"></status>
</kw>
<status endtime="20160122 20:26:45.325" starttime="20160122 20:26:45.286" status="PASS"></status>
</kw>
<status critical="yes" endtime="20160122 20:26:45.329" starttime="20160122 20:26:44.687" status="PASS"></status>
</test>
<status endtime="20160122 20:26:45.366" starttime="20160122 20:26:42.757" status="PASS"></status>
</suite>
<statistics>
<total>
<stat pass="3" fail="0">Critical Tests</stat>
<stat pass="3" fail="0">All Tests</stat>
</total>
<tag>
</tag>
<suite>
<stat pass="3" fail="0" name="TicTacToeTests" id="s1">TicTacToeTests</stat>
</suite>
</statistics>
<errors>
</errors>
</robot>
