<?xml version="1.0" encoding="UTF-8"?>
<robot generator="Robot 3.0 (Jython 2.7.0 on java1.8.0_60)" generated="20160121 19:35:13.499">
<suite source="C:\Users\adam\Documents\Computer Science\Tic-Tac-Toe\acceptance\TicTacToeTests.txt" name="TicTacToeTests" id="s1">
<test name="Win Diagonally as X" id="s1-t1">
<kw library="TicTacToeKeywords" name="Start New Game">
<status endtime="20160121 19:35:14.658" starttime="20160121 19:35:14.631" status="PASS"></status>
</kw>
<kw library="TicTacToeKeywords" name="Mark Location">
<arguments>
<arg>1</arg>
<arg>1</arg>
</arguments>
<status endtime="20160121 19:35:14.699" starttime="20160121 19:35:14.685" status="PASS"></status>
</kw>
<kw name="Check Location">
<arguments>
<arg>1</arg>
<arg>1</arg>
<arg>X</arg>
</arguments>
<kw library="TicTacToeKeywords" name="Get Mark">
<arguments>
<arg>${row}</arg>
<arg>${col}</arg>
</arguments>
<assign>
<var>${m}</var>
</assign>
<msg level="INFO" timestamp="20160121 19:35:14.765">${m} = X</msg>
<status endtime="20160121 19:35:14.771" starttime="20160121 19:35:14.744" status="PASS"></status>
</kw>
<kw library="BuiltIn" name="Should Be Equal">
<doc>Fails if the given objects are unequal.</doc>
<arguments>
<arg>${mark}</arg>
<arg>${m}</arg>
</arguments>
<status endtime="20160121 19:35:14.824" starttime="20160121 19:35:14.782" status="PASS"></status>
</kw>
<status endtime="20160121 19:35:14.828" starttime="20160121 19:35:14.719" status="PASS"></status>
</kw>
<kw library="TicTacToeKeywords" name="Mark Location">
<arguments>
<arg>0</arg>
<arg>1</arg>
</arguments>
<status endtime="20160121 19:35:14.882" starttime="20160121 19:35:14.836" status="PASS"></status>
</kw>
<kw name="Check Location">
<arguments>
<arg>0</arg>
<arg>1</arg>
<arg>O</arg>
</arguments>
<kw library="TicTacToeKeywords" name="Get Mark">
<arguments>
<arg>${row}</arg>
<arg>${col}</arg>
</arguments>
<assign>
<var>${m}</var>
</assign>
<msg level="INFO" timestamp="20160121 19:35:14.931">${m} = O</msg>
<status endtime="20160121 19:35:14.935" starttime="20160121 19:35:14.919" status="PASS"></status>
</kw>
<kw library="BuiltIn" name="Should Be Equal">
<doc>Fails if the given objects are unequal.</doc>
<arguments>
<arg>${mark}</arg>
<arg>${m}</arg>
</arguments>
<status endtime="20160121 19:35:14.957" starttime="20160121 19:35:14.943" status="PASS"></status>
</kw>
<status endtime="20160121 19:35:14.962" starttime="20160121 19:35:14.893" status="PASS"></status>
</kw>
<kw library="TicTacToeKeywords" name="Mark Location">
<arguments>
<arg>0</arg>
<arg>0</arg>
</arguments>
<status endtime="20160121 19:35:14.980" starttime="20160121 19:35:14.969" status="PASS"></status>
</kw>
<kw name="Check Location">
<arguments>
<arg>0</arg>
<arg>0</arg>
<arg>X</arg>
</arguments>
<kw library="TicTacToeKeywords" name="Get Mark">
<arguments>
<arg>${row}</arg>
<arg>${col}</arg>
</arguments>
<assign>
<var>${m}</var>
</assign>
<msg level="INFO" timestamp="20160121 19:35:15.010">${m} = X</msg>
<status endtime="20160121 19:35:15.022" starttime="20160121 19:35:14.996" status="PASS"></status>
</kw>
<kw library="BuiltIn" name="Should Be Equal">
<doc>Fails if the given objects are unequal.</doc>
<arguments>
<arg>${mark}</arg>
<arg>${m}</arg>
</arguments>
<status endtime="20160121 19:35:15.062" starttime="20160121 19:35:15.025" status="PASS"></status>
</kw>
<status endtime="20160121 19:35:15.106" starttime="20160121 19:35:14.986" status="PASS"></status>
</kw>
<kw library="TicTacToeKeywords" name="Mark Location">
<arguments>
<arg>0</arg>
<arg>2</arg>
</arguments>
<status endtime="20160121 19:35:15.122" starttime="20160121 19:35:15.114" status="PASS"></status>
</kw>
<kw name="Check Location">
<arguments>
<arg>0</arg>
<arg>2</arg>
<arg>O</arg>
</arguments>
<kw library="TicTacToeKeywords" name="Get Mark">
<arguments>
<arg>${row}</arg>
<arg>${col}</arg>
</arguments>
<assign>
<var>${m}</var>
</assign>
<msg level="INFO" timestamp="20160121 19:35:15.165">${m} = O</msg>
<status endtime="20160121 19:35:15.168" starttime="20160121 19:35:15.144" status="PASS"></status>
</kw>
<kw library="BuiltIn" name="Should Be Equal">
<doc>Fails if the given objects are unequal.</doc>
<arguments>
<arg>${mark}</arg>
<arg>${m}</arg>
</arguments>
<status endtime="20160121 19:35:15.188" starttime="20160121 19:35:15.171" status="PASS"></status>
</kw>
<status endtime="20160121 19:35:15.194" starttime="20160121 19:35:15.132" status="PASS"></status>
</kw>
<kw library="TicTacToeKeywords" name="Mark Location">
<arguments>
<arg>2</arg>
<arg>2</arg>
</arguments>
<status endtime="20160121 19:35:15.225" starttime="20160121 19:35:15.217" status="PASS"></status>
</kw>
<kw name="Check Location">
<arguments>
<arg>2</arg>
<arg>2</arg>
<arg>X</arg>
</arguments>
<kw library="TicTacToeKeywords" name="Get Mark">
<arguments>
<arg>${row}</arg>
<arg>${col}</arg>
</arguments>
<assign>
<var>${m}</var>
</assign>
<msg level="INFO" timestamp="20160121 19:35:15.304">${m} = X</msg>
<status endtime="20160121 19:35:15.307" starttime="20160121 19:35:15.264" status="PASS"></status>
</kw>
<kw library="BuiltIn" name="Should Be Equal">
<doc>Fails if the given objects are unequal.</doc>
<arguments>
<arg>${mark}</arg>
<arg>${m}</arg>
</arguments>
<status endtime="20160121 19:35:15.347" starttime="20160121 19:35:15.310" status="PASS"></status>
</kw>
<status endtime="20160121 19:35:15.361" starttime="20160121 19:35:15.233" status="PASS"></status>
</kw>
<kw name="Winner Should Be">
<arguments>
<arg>X</arg>
</arguments>
<kw library="TicTacToeKeywords" name="Get Winner">
<assign>
<var>${m}</var>
</assign>
<msg level="INFO" timestamp="20160121 19:35:15.423">${m} = X</msg>
<status endtime="20160121 19:35:15.427" starttime="20160121 19:35:15.388" status="PASS"></status>
</kw>
<kw library="BuiltIn" name="Should Be Equal">
<doc>Fails if the given objects are unequal.</doc>
<arguments>
<arg>${mark}</arg>
<arg>${m}</arg>
</arguments>
<status endtime="20160121 19:35:15.455" starttime="20160121 19:35:15.431" status="PASS"></status>
</kw>
<status endtime="20160121 19:35:15.467" starttime="20160121 19:35:15.378" status="PASS"></status>
</kw>
<status critical="yes" endtime="20160121 19:35:15.479" starttime="20160121 19:35:14.592" status="PASS"></status>
</test>
<test name="Win Horizontally as O" id="s1-t2">
<kw library="TicTacToeKeywords" name="Start New Game">
<status endtime="20160121 19:35:15.535" starttime="20160121 19:35:15.526" status="PASS"></status>
</kw>
<kw library="TicTacToeKeywords" name="Mark Location">
<arguments>
<arg>1</arg>
<arg>1</arg>
</arguments>
<status endtime="20160121 19:35:15.552" starttime="20160121 19:35:15.542" status="PASS"></status>
</kw>
<kw name="Check Location">
<arguments>
<arg>1</arg>
<arg>1</arg>
<arg>X</arg>
</arguments>
<kw library="TicTacToeKeywords" name="Get Mark">
<arguments>
<arg>${row}</arg>
<arg>${col}</arg>
</arguments>
<assign>
<var>${m}</var>
</assign>
<msg level="INFO" timestamp="20160121 19:35:15.585">${m} = X</msg>
<status endtime="20160121 19:35:15.587" starttime="20160121 19:35:15.570" status="PASS"></status>
</kw>
<kw library="BuiltIn" name="Should Be Equal">
<doc>Fails if the given objects are unequal.</doc>
<arguments>
<arg>${mark}</arg>
<arg>${m}</arg>
</arguments>
<status endtime="20160121 19:35:15.608" starttime="20160121 19:35:15.594" status="PASS"></status>
</kw>
<status endtime="20160121 19:35:15.612" starttime="20160121 19:35:15.556" status="PASS"></status>
</kw>
<kw library="TicTacToeKeywords" name="Mark Location">
<arguments>
<arg>2</arg>
<arg>0</arg>
</arguments>
<status endtime="20160121 19:35:15.632" starttime="20160121 19:35:15.618" status="PASS"></status>
</kw>
<kw name="Check Location">
<arguments>
<arg>2</arg>
<arg>0</arg>
<arg>O</arg>
</arguments>
<kw library="TicTacToeKeywords" name="Get Mark">
<arguments>
<arg>${row}</arg>
<arg>${col}</arg>
</arguments>
<assign>
<var>${m}</var>
</assign>
<msg level="INFO" timestamp="20160121 19:35:15.661">${m} = O</msg>
<status endtime="20160121 19:35:15.665" starttime="20160121 19:35:15.650" status="PASS"></status>
</kw>
<kw library="BuiltIn" name="Should Be Equal">
<doc>Fails if the given objects are unequal.</doc>
<arguments>
<arg>${mark}</arg>
<arg>${m}</arg>
</arguments>
<status endtime="20160121 19:35:15.681" starttime="20160121 19:35:15.670" status="PASS"></status>
</kw>
<status endtime="20160121 19:35:15.685" starttime="20160121 19:35:15.638" status="PASS"></status>
</kw>
<kw library="TicTacToeKeywords" name="Mark Location">
<arguments>
<arg>0</arg>
<arg>0</arg>
</arguments>
<status endtime="20160121 19:35:15.696" starttime="20160121 19:35:15.689" status="PASS"></status>
</kw>
<kw name="Check Location">
<arguments>
<arg>0</arg>
<arg>0</arg>
<arg>X</arg>
</arguments>
<kw library="TicTacToeKeywords" name="Get Mark">
<arguments>
<arg>${row}</arg>
<arg>${col}</arg>
</arguments>
<assign>
<var>${m}</var>
</assign>
<msg level="INFO" timestamp="20160121 19:35:15.716">${m} = X</msg>
<status endtime="20160121 19:35:15.718" starttime="20160121 19:35:15.708" status="PASS"></status>
</kw>
<kw library="BuiltIn" name="Should Be Equal">
<doc>Fails if the given objects are unequal.</doc>
<arguments>
<arg>${mark}</arg>
<arg>${m}</arg>
</arguments>
<status endtime="20160121 19:35:15.729" starttime="20160121 19:35:15.720" status="PASS"></status>
</kw>
<status endtime="20160121 19:35:15.733" starttime="20160121 19:35:15.700" status="PASS"></status>
</kw>
<kw library="TicTacToeKeywords" name="Mark Location">
<arguments>
<arg>2</arg>
<arg>2</arg>
</arguments>
<status endtime="20160121 19:35:15.746" starttime="20160121 19:35:15.738" status="PASS"></status>
</kw>
<kw name="Check Location">
<arguments>
<arg>2</arg>
<arg>2</arg>
<arg>O</arg>
</arguments>
<kw library="TicTacToeKeywords" name="Get Mark">
<arguments>
<arg>${row}</arg>
<arg>${col}</arg>
</arguments>
<assign>
<var>${m}</var>
</assign>
<msg level="INFO" timestamp="20160121 19:35:15.780">${m} = O</msg>
<status endtime="20160121 19:35:15.783" starttime="20160121 19:35:15.762" status="PASS"></status>
</kw>
<kw library="BuiltIn" name="Should Be Equal">
<doc>Fails if the given objects are unequal.</doc>
<arguments>
<arg>${mark}</arg>
<arg>${m}</arg>
</arguments>
<status endtime="20160121 19:35:15.802" starttime="20160121 19:35:15.790" status="PASS"></status>
</kw>
<status endtime="20160121 19:35:15.808" starttime="20160121 19:35:15.751" status="PASS"></status>
</kw>
<kw library="TicTacToeKeywords" name="Mark Location">
<arguments>
<arg>0</arg>
<arg>2</arg>
</arguments>
<status endtime="20160121 19:35:15.858" starttime="20160121 19:35:15.841" status="PASS"></status>
</kw>
<kw name="Check Location">
<arguments>
<arg>0</arg>
<arg>2</arg>
<arg>X</arg>
</arguments>
<kw library="TicTacToeKeywords" name="Get Mark">
<arguments>
<arg>${row}</arg>
<arg>${col}</arg>
</arguments>
<assign>
<var>${m}</var>
</assign>
<msg level="INFO" timestamp="20160121 19:35:15.890">${m} = X</msg>
<status endtime="20160121 19:35:15.892" starttime="20160121 19:35:15.874" status="PASS"></status>
</kw>
<kw library="BuiltIn" name="Should Be Equal">
<doc>Fails if the given objects are unequal.</doc>
<arguments>
<arg>${mark}</arg>
<arg>${m}</arg>
</arguments>
<status endtime="20160121 19:35:15.908" starttime="20160121 19:35:15.895" status="PASS"></status>
</kw>
<status endtime="20160121 19:35:15.911" starttime="20160121 19:35:15.864" status="PASS"></status>
</kw>
<kw library="TicTacToeKeywords" name="Mark Location">
<arguments>
<arg>2</arg>
<arg>1</arg>
</arguments>
<status endtime="20160121 19:35:15.929" starttime="20160121 19:35:15.917" status="PASS"></status>
</kw>
<kw name="Check Location">
<arguments>
<arg>2</arg>
<arg>1</arg>
<arg>O</arg>
</arguments>
<kw library="TicTacToeKeywords" name="Get Mark">
<arguments>
<arg>${row}</arg>
<arg>${col}</arg>
</arguments>
<assign>
<var>${m}</var>
</assign>
<msg level="INFO" timestamp="20160121 19:35:15.951">${m} = O</msg>
<status endtime="20160121 19:35:15.953" starttime="20160121 19:35:15.943" status="PASS"></status>
</kw>
<kw library="BuiltIn" name="Should Be Equal">
<doc>Fails if the given objects are unequal.</doc>
<arguments>
<arg>${mark}</arg>
<arg>${m}</arg>
</arguments>
<status endtime="20160121 19:35:15.964" starttime="20160121 19:35:15.955" status="PASS"></status>
</kw>
<status endtime="20160121 19:35:15.967" starttime="20160121 19:35:15.935" status="PASS"></status>
</kw>
<kw name="Winner Should Be">
<arguments>
<arg>O</arg>
</arguments>
<kw library="TicTacToeKeywords" name="Get Winner">
<assign>
<var>${m}</var>
</assign>
<msg level="INFO" timestamp="20160121 19:35:15.988">${m} = O</msg>
<status endtime="20160121 19:35:15.990" starttime="20160121 19:35:15.981" status="PASS"></status>
</kw>
<kw library="BuiltIn" name="Should Be Equal">
<doc>Fails if the given objects are unequal.</doc>
<arguments>
<arg>${mark}</arg>
<arg>${m}</arg>
</arguments>
<status endtime="20160121 19:35:16.038" starttime="20160121 19:35:15.995" status="PASS"></status>
</kw>
<status endtime="20160121 19:35:16.048" starttime="20160121 19:35:15.971" status="PASS"></status>
</kw>
<status critical="yes" endtime="20160121 19:35:16.064" starttime="20160121 19:35:15.508" status="PASS"></status>
</test>
<test name="Force a Tie" id="s1-t3">
<kw library="TicTacToeKeywords" name="Start New Game">
<status endtime="20160121 19:35:16.107" starttime="20160121 19:35:16.101" status="PASS"></status>
</kw>
<kw library="TicTacToeKeywords" name="Mark Location">
<arguments>
<arg>1</arg>
<arg>1</arg>
</arguments>
<status endtime="20160121 19:35:16.124" starttime="20160121 19:35:16.116" status="PASS"></status>
</kw>
<kw name="Check Location">
<arguments>
<arg>1</arg>
<arg>1</arg>
<arg>X</arg>
</arguments>
<kw library="TicTacToeKeywords" name="Get Mark">
<arguments>
<arg>${row}</arg>
<arg>${col}</arg>
</arguments>
<assign>
<var>${m}</var>
</assign>
<msg level="INFO" timestamp="20160121 19:35:16.157">${m} = X</msg>
<status endtime="20160121 19:35:16.162" starttime="20160121 19:35:16.139" status="PASS"></status>
</kw>
<kw library="BuiltIn" name="Should Be Equal">
<doc>Fails if the given objects are unequal.</doc>
<arguments>
<arg>${mark}</arg>
<arg>${m}</arg>
</arguments>
<status endtime="20160121 19:35:16.180" starttime="20160121 19:35:16.165" status="PASS"></status>
</kw>
<status endtime="20160121 19:35:16.185" starttime="20160121 19:35:16.128" status="PASS"></status>
</kw>
<kw library="TicTacToeKeywords" name="Mark Location">
<arguments>
<arg>0</arg>
<arg>0</arg>
</arguments>
<status endtime="20160121 19:35:16.201" starttime="20160121 19:35:16.189" status="PASS"></status>
</kw>
<kw name="Check Location">
<arguments>
<arg>0</arg>
<arg>0</arg>
<arg>O</arg>
</arguments>
<kw library="TicTacToeKeywords" name="Get Mark">
<arguments>
<arg>${row}</arg>
<arg>${col}</arg>
</arguments>
<assign>
<var>${m}</var>
</assign>
<msg level="INFO" timestamp="20160121 19:35:16.230">${m} = O</msg>
<status endtime="20160121 19:35:16.233" starttime="20160121 19:35:16.219" status="PASS"></status>
</kw>
<kw library="BuiltIn" name="Should Be Equal">
<doc>Fails if the given objects are unequal.</doc>
<arguments>
<arg>${mark}</arg>
<arg>${m}</arg>
</arguments>
<status endtime="20160121 19:35:16.245" starttime="20160121 19:35:16.235" status="PASS"></status>
</kw>
<status endtime="20160121 19:35:16.249" starttime="20160121 19:35:16.205" status="PASS"></status>
</kw>
<kw library="TicTacToeKeywords" name="Mark Location">
<arguments>
<arg>2</arg>
<arg>0</arg>
</arguments>
<status endtime="20160121 19:35:16.272" starttime="20160121 19:35:16.253" status="PASS"></status>
</kw>
<kw name="Check Location">
<arguments>
<arg>2</arg>
<arg>0</arg>
<arg>X</arg>
</arguments>
<kw library="TicTacToeKeywords" name="Get Mark">
<arguments>
<arg>${row}</arg>
<arg>${col}</arg>
</arguments>
<assign>
<var>${m}</var>
</assign>
<msg level="INFO" timestamp="20160121 19:35:16.309">${m} = X</msg>
<status endtime="20160121 19:35:16.340" starttime="20160121 19:35:16.295" status="PASS"></status>
</kw>
<kw library="BuiltIn" name="Should Be Equal">
<doc>Fails if the given objects are unequal.</doc>
<arguments>
<arg>${mark}</arg>
<arg>${m}</arg>
</arguments>
<status endtime="20160121 19:35:16.352" starttime="20160121 19:35:16.342" status="PASS"></status>
</kw>
<status endtime="20160121 19:35:16.355" starttime="20160121 19:35:16.281" status="PASS"></status>
</kw>
<kw library="TicTacToeKeywords" name="Mark Location">
<arguments>
<arg>0</arg>
<arg>2</arg>
</arguments>
<status endtime="20160121 19:35:16.366" starttime="20160121 19:35:16.359" status="PASS"></status>
</kw>
<kw name="Check Location">
<arguments>
<arg>0</arg>
<arg>2</arg>
<arg>O</arg>
</arguments>
<kw library="TicTacToeKeywords" name="Get Mark">
<arguments>
<arg>${row}</arg>
<arg>${col}</arg>
</arguments>
<assign>
<var>${m}</var>
</assign>
<msg level="INFO" timestamp="20160121 19:35:16.438">${m} = O</msg>
<status endtime="20160121 19:35:16.441" starttime="20160121 19:35:16.428" status="PASS"></status>
</kw>
<kw library="BuiltIn" name="Should Be Equal">
<doc>Fails if the given objects are unequal.</doc>
<arguments>
<arg>${mark}</arg>
<arg>${m}</arg>
</arguments>
<status endtime="20160121 19:35:16.502" starttime="20160121 19:35:16.444" status="PASS"></status>
</kw>
<status endtime="20160121 19:35:16.505" starttime="20160121 19:35:16.376" status="PASS"></status>
</kw>
<kw library="TicTacToeKeywords" name="Mark Location">
<arguments>
<arg>0</arg>
<arg>1</arg>
</arguments>
<status endtime="20160121 19:35:16.557" starttime="20160121 19:35:16.549" status="PASS"></status>
</kw>
<kw name="Check Location">
<arguments>
<arg>0</arg>
<arg>1</arg>
<arg>X</arg>
</arguments>
<kw library="TicTacToeKeywords" name="Get Mark">
<arguments>
<arg>${row}</arg>
<arg>${col}</arg>
</arguments>
<assign>
<var>${m}</var>
</assign>
<msg level="INFO" timestamp="20160121 19:35:16.577">${m} = X</msg>
<status endtime="20160121 19:35:16.578" starttime="20160121 19:35:16.567" status="PASS"></status>
</kw>
<kw library="BuiltIn" name="Should Be Equal">
<doc>Fails if the given objects are unequal.</doc>
<arguments>
<arg>${mark}</arg>
<arg>${m}</arg>
</arguments>
<status endtime="20160121 19:35:16.596" starttime="20160121 19:35:16.582" status="PASS"></status>
</kw>
<status endtime="20160121 19:35:16.601" starttime="20160121 19:35:16.559" status="PASS"></status>
</kw>
<kw library="TicTacToeKeywords" name="Mark Location">
<arguments>
<arg>2</arg>
<arg>1</arg>
</arguments>
<status endtime="20160121 19:35:16.659" starttime="20160121 19:35:16.653" status="PASS"></status>
</kw>
<kw name="Check Location">
<arguments>
<arg>2</arg>
<arg>1</arg>
<arg>O</arg>
</arguments>
<kw library="TicTacToeKeywords" name="Get Mark">
<arguments>
<arg>${row}</arg>
<arg>${col}</arg>
</arguments>
<assign>
<var>${m}</var>
</assign>
<msg level="INFO" timestamp="20160121 19:35:16.764">${m} = O</msg>
<status endtime="20160121 19:35:16.767" starttime="20160121 19:35:16.754" status="PASS"></status>
</kw>
<kw library="BuiltIn" name="Should Be Equal">
<doc>Fails if the given objects are unequal.</doc>
<arguments>
<arg>${mark}</arg>
<arg>${m}</arg>
</arguments>
<status endtime="20160121 19:35:16.781" starttime="20160121 19:35:16.770" status="PASS"></status>
</kw>
<status endtime="20160121 19:35:16.785" starttime="20160121 19:35:16.743" status="PASS"></status>
</kw>
<kw library="TicTacToeKeywords" name="Mark Location">
<arguments>
<arg>1</arg>
<arg>2</arg>
</arguments>
<status endtime="20160121 19:35:16.827" starttime="20160121 19:35:16.821" status="PASS"></status>
</kw>
<kw name="Check Location">
<arguments>
<arg>1</arg>
<arg>2</arg>
<arg>X</arg>
</arguments>
<kw library="TicTacToeKeywords" name="Get Mark">
<arguments>
<arg>${row}</arg>
<arg>${col}</arg>
</arguments>
<assign>
<var>${m}</var>
</assign>
<msg level="INFO" timestamp="20160121 19:35:16.852">${m} = X</msg>
<status endtime="20160121 19:35:16.853" starttime="20160121 19:35:16.843" status="PASS"></status>
</kw>
<kw library="BuiltIn" name="Should Be Equal">
<doc>Fails if the given objects are unequal.</doc>
<arguments>
<arg>${mark}</arg>
<arg>${m}</arg>
</arguments>
<status endtime="20160121 19:35:16.901" starttime="20160121 19:35:16.857" status="PASS"></status>
</kw>
<status endtime="20160121 19:35:16.904" starttime="20160121 19:35:16.837" status="PASS"></status>
</kw>
<kw library="TicTacToeKeywords" name="Mark Location">
<arguments>
<arg>1</arg>
<arg>0</arg>
</arguments>
<status endtime="20160121 19:35:16.914" starttime="20160121 19:35:16.908" status="PASS"></status>
</kw>
<kw name="Check Location">
<arguments>
<arg>1</arg>
<arg>0</arg>
<arg>O</arg>
</arguments>
<kw library="TicTacToeKeywords" name="Get Mark">
<arguments>
<arg>${row}</arg>
<arg>${col}</arg>
</arguments>
<assign>
<var>${m}</var>
</assign>
<msg level="INFO" timestamp="20160121 19:35:16.936">${m} = O</msg>
<status endtime="20160121 19:35:16.938" starttime="20160121 19:35:16.925" status="PASS"></status>
</kw>
<kw library="BuiltIn" name="Should Be Equal">
<doc>Fails if the given objects are unequal.</doc>
<arguments>
<arg>${mark}</arg>
<arg>${m}</arg>
</arguments>
<status endtime="20160121 19:35:16.948" starttime="20160121 19:35:16.940" status="PASS"></status>
</kw>
<status endtime="20160121 19:35:16.950" starttime="20160121 19:35:16.918" status="PASS"></status>
</kw>
<kw library="TicTacToeKeywords" name="Mark Location">
<arguments>
<arg>2</arg>
<arg>2</arg>
</arguments>
<status endtime="20160121 19:35:16.968" starttime="20160121 19:35:16.960" status="PASS"></status>
</kw>
<kw name="Check Location">
<arguments>
<arg>2</arg>
<arg>2</arg>
<arg>X</arg>
</arguments>
<kw library="TicTacToeKeywords" name="Get Mark">
<arguments>
<arg>${row}</arg>
<arg>${col}</arg>
</arguments>
<assign>
<var>${m}</var>
</assign>
<msg level="INFO" timestamp="20160121 19:35:16.987">${m} = X</msg>
<status endtime="20160121 19:35:16.989" starttime="20160121 19:35:16.977" status="PASS"></status>
</kw>
<kw library="BuiltIn" name="Should Be Equal">
<doc>Fails if the given objects are unequal.</doc>
<arguments>
<arg>${mark}</arg>
<arg>${m}</arg>
</arguments>
<status endtime="20160121 19:35:17.004" starttime="20160121 19:35:16.991" status="PASS"></status>
</kw>
<status endtime="20160121 19:35:17.007" starttime="20160121 19:35:16.972" status="PASS"></status>
</kw>
<kw name="Winner Should Be">
<arguments>
<arg>TIE</arg>
</arguments>
<kw library="TicTacToeKeywords" name="Get Winner">
<assign>
<var>${m}</var>
</assign>
<msg level="INFO" timestamp="20160121 19:35:17.025">${m} = TIE</msg>
<status endtime="20160121 19:35:17.029" starttime="20160121 19:35:17.019" status="PASS"></status>
</kw>
<kw library="BuiltIn" name="Should Be Equal">
<doc>Fails if the given objects are unequal.</doc>
<arguments>
<arg>${mark}</arg>
<arg>${m}</arg>
</arguments>
<status endtime="20160121 19:35:17.043" starttime="20160121 19:35:17.032" status="PASS"></status>
</kw>
<status endtime="20160121 19:35:17.046" starttime="20160121 19:35:17.013" status="PASS"></status>
</kw>
<status critical="yes" endtime="20160121 19:35:17.052" starttime="20160121 19:35:16.087" status="PASS"></status>
</test>
<status endtime="20160121 19:35:17.101" starttime="20160121 19:35:13.535" status="PASS"></status>
</suite>
<statistics>
<total>
<stat pass="3" fail="0">Critical Tests</stat>
<stat pass="3" fail="0">All Tests</stat>
</total>
<tag>
</tag>
<suite>
<stat pass="3" fail="0" name="TicTacToeTests" id="s1">TicTacToeTests</stat>
</suite>
</statistics>
<errors>
</errors>
</robot>
